<?xml version="1.0" encoding="UTF-8"?>
<!-- Generated by org.testng.reporters.JUnitXMLReporter -->
<testsuite ignored="1" hostname="LAPTOP-UU4U0ELH" failures="0" tests="1" name="Test" time="0.053" errors="0" timestamp="2022-05-09T16:24:08 IST">
  <testcase classname="MavenExample.ReadingdatafromCommandtest" name="ReadingdatafromCommandtest" time="0.014"/>
  <testcase classname="MavenExample.ReadingdatafromCommandtest" name="regressiontest" time="0.0">
    <ignored/>
  </testcase> <!-- regressiontest -->
</testsuite> <!-- Test -->
