<?xml version="1.0" encoding="UTF-8"?>
<testng-results ignored="0" total="1" passed="1" failed="0" skipped="0">
  <reporter-output>
  </reporter-output>
  <suite started-at="2022-05-10T10:52:41 IST" name="Default suite" finished-at="2022-05-10T10:52:41 IST" duration-ms="46">
    <groups>
    </groups>
    <test started-at="2022-05-10T10:52:41 IST" name="Default test" finished-at="2022-05-10T10:52:41 IST" duration-ms="46">
      <class name="MavenExample.CreateUserTest">
        <test-method signature="CreateUserTest()[pri:0, instance:MavenExample.CreateUserTest@741a8937]" started-at="2022-05-10T10:52:41 IST" name="CreateUserTest" finished-at="2022-05-10T10:52:41 IST" duration-ms="7" status="PASS">
          <reporter-output>
          </reporter-output>
        </test-method> <!-- CreateUserTest -->
      </class> <!-- MavenExample.CreateUserTest -->
    </test> <!-- Default test -->
  </suite> <!-- Default suite -->
</testng-results>
